<?xml version="1.0" encoding="UTF-8"?>
<testng-results ignored="0" total="1" passed="1" failed="0" skipped="0">
  <reporter-output>
  </reporter-output>
  <suite started-at="2021-08-09T20:27:08 IST" name="Maven Project" finished-at="2021-08-09T20:28:43 IST" duration-ms="95012">
    <groups>
    </groups>
    <test started-at="2021-08-09T20:27:08 IST" name="Hybrid Framework" finished-at="2021-08-09T20:28:43 IST" duration-ms="95012">
      <class name="org.mvnframework.mvnFinal.PracticePage">
        <test-method is-config="true" signature="beforeClass()[pri:0, instance:org.mvnframework.mvnFinal.PracticePage@6631f5ca]" started-at="2021-08-09T20:27:08 IST" name="beforeClass" finished-at="2021-08-09T20:27:20 IST" duration-ms="12161" status="PASS">
          <reporter-output>
          </reporter-output>
        </test-method> <!-- beforeClass -->
        <test-method signature="practiceElements()[pri:0, instance:org.mvnframework.mvnFinal.PracticePage@6631f5ca]" started-at="2021-08-09T20:27:20 IST" name="practiceElements" finished-at="2021-08-09T20:28:39 IST" duration-ms="78946" status="PASS">
          <reporter-output>
          </reporter-output>
        </test-method> <!-- practiceElements -->
        <test-method is-config="true" signature="afterClass()[pri:0, instance:org.mvnframework.mvnFinal.PracticePage@6631f5ca]" started-at="2021-08-09T20:28:39 IST" name="afterClass" finished-at="2021-08-09T20:28:43 IST" duration-ms="3834" status="PASS">
          <reporter-output>
          </reporter-output>
        </test-method> <!-- afterClass -->
      </class> <!-- org.mvnframework.mvnFinal.PracticePage -->
    </test> <!-- Hybrid Framework -->
  </suite> <!-- Maven Project -->
</testng-results>
